A51 MACRO ASSEMBLER  LCD2                                                                 07/23/2018 11:30:03 PAGE     1


MACRO ASSEMBLER A51 V8.2.7.0
OBJECT MODULE PLACED IN .\Objects\lcd2.obj
ASSEMBLER INVOKED BY: C:\Keil_v5\C51\BIN\A51.EXE lcd2.asm SET(SMALL) DEBUG PRINT(.\Listings\lcd2.lst) OBJECT(.\Objects\l
                      cd2.obj) EP

LOC  OBJ            LINE     SOURCE

0000                   1     ORG 0H
0000 7438              2     MOV A,#38H ;init. LCD 2 lines ,5x7 matrix
0002 111E              3     ACALL COMMAND ;issue command
0004 740E              4     MOV A,#0EH ;LCD on, cursor on
0006 111E              5     ACALL COMMAND ;issue command
0008 7401              6     MOV A,#01H ;clear LCD command
000A 111E              7     ACALL COMMAND ;issue command
000C 7406              8     MOV A,#06H ;shift cursor right
000E 111E              9     ACALL COMMAND ;issue command
0010 7486             10     MOV A,#86H ;cursor: line 1, pos. 6
0012 111E             11     ACALL COMMAND ;command subroutine
0014 744E             12     MOV A,#'N' ;display letter N
0016 112B             13     ACALL DATA_DISPLAY
0018 744F             14     MOV A,#'O' ;display letter O
001A 112B             15     ACALL DATA_DISPLAY
001C 80FE             16     HERE:SJMP HERE ;STAY HERE
001E                  17     COMMAND:
001E 1138             18     ACALL READY ;is LCD ready?
0020 F590             19     MOV P1,A ;issue command code
0022 C2B0             20     CLR P3.0 ;RS=0 for command
0024 C2B1             21     CLR P3.1 ;R/W=0 to write to LCD
0026 D2B2             22     SETB P3.2 ;E=1 for H-to-L pulse
0028 C2B2             23     CLR P3.2 ;E=0,latch in
002A 22               24     RET
002B                  25     DATA_DISPLAY:
002B 1138             26     ACALL READY ;is LCD ready?
002D F590             27     MOV P1,A ;issue data
002F D2B0             28     SETB P3.0 ;RS=1 for data
0031 C2B1             29     CLR P3.1 ;R/W =0 to write to LCD
0033 D2B2             30     SETB P3.2 ;E=1 for H-to-L pulse
0035 C2B2             31     CLR P3.2 ;E=0,latch in
0037 22               32     RET
0038                  33     READY:
0038 D297             34     SETB P1.7 ;make P1.7 input port
003A C2B0             35     CLR P3.0 ;RS=0 access command reg
003C D2B1             36     SETB P3.1 ;R/W=1 read command reg
                      37     ;read command reg and check busy flag
003E D2B2             38     BACK:SETB P3.2 ;E=1 for H-to-L pulse
0040 C2B2             39     CLR P3.2 ;E=0 H-to-L pulse
0042 2097F9           40     JB P1.7,BACK ;stay until busy flag=0
0045 22               41     RET
                      42     END
A51 MACRO ASSEMBLER  LCD2                                                                 07/23/2018 11:30:03 PAGE     2

SYMBOL TABLE LISTING
------ ----- -------


N A M E             T Y P E  V A L U E   ATTRIBUTES

BACK . . . . . . .  C ADDR   003EH   A   
COMMAND. . . . . .  C ADDR   001EH   A   
DATA_DISPLAY . . .  C ADDR   002BH   A   
HERE . . . . . . .  C ADDR   001CH   A   
P1 . . . . . . . .  D ADDR   0090H   A   
P3 . . . . . . . .  D ADDR   00B0H   A   
READY. . . . . . .  C ADDR   0038H   A   


REGISTER BANK(S) USED: 0 


ASSEMBLY COMPLETE.  0 WARNING(S), 0 ERROR(S)
